2025-06-15T13:00:37.763168 - Email test à sanogotech@yahoo.fr
Sujet: Test d'alerte
Message: Ceci est un email test

2025-06-15T13:01:21.797275 - Email test à sanogotech@yahoo.fr
Sujet: Test d'alerte
Message: Ceci est un email test

2025-06-15T13:16:00.314508 - Email test à sanogotech@yahoo.fr
Sujet: Test d'alerte pour API-Gateway
Message: Ceci est un email test pour API-Gateway

2025-06-15T13:24:15.862583 - Email test à sanogotech@yahoo.fr
Sujet: Test d'alerte pour API-Gateway
Message: Ceci est un email test pour API-Gateway

2025-06-15T13:26:48.035837 - Email test à sanogotech@yahoo.fr
Sujet: Test d'alerte pour API-Gateway
Message: Ceci est un email test pour API-Gateway

2025-06-15T13:27:07.302999 - Email test à sanogotech@yahoo.fr
Sujet: Test d'alerte pour API-Gateway
Message: Ceci est un email test pour API-Gateway

2025-06-15T13:31:39.370956 - Email test à sanogotech@yahoo.fr
Sujet: Test d'alerte pour API-Gateway
Message: Ceci est un email test pour API-Gateway

